<?xml version="1.0" encoding="UTF-8"?>
<!-- Generated by org.testng.reporters.JUnitXMLReporter -->
<testsuite ignored="2" hostname="DESKTOP-9HBQEP9" failures="0" tests="0" name="Default test" time="51.901" errors="0" timestamp="2024-05-22T10:07:31 IST">
  <testcase classname="com.camcast.crm.orgtest.CreateOrganizationTest" name="CreateOrganizationTest2" time="0.0">
    <ignored/>
  </testcase> <!-- CreateOrganizationTest2 -->
  <testcase classname="com.camcast.crm.orgtest.CreateOrganizationTest" name="CreateOrganizationTest1" time="0.0">
    <ignored/>
  </testcase> <!-- CreateOrganizationTest1 -->
</testsuite> <!-- Default test -->
