<?xml version="1.0" encoding="UTF-8"?>
<!-- Generated by org.testng.reporters.JUnitXMLReporter -->
<testsuite ignored="2" hostname="DESKTOP-9HBQEP9" failures="0" tests="5" name="TestRunner-Edge" time="148.772" errors="0" timestamp="2024-05-14T16:29:17 IST">
  <testcase classname="com.camcast.crm.orgtest.CreateOrganizationTest" name="CreateOrganizationTest" time="15.445"/>
  <testcase classname="com.camcast.crm.orgtest.CreateOrganizationTest" name="CreateOrganizationTest1" time="14.892"/>
  <testcase classname="com.camcast.crm.orgtest.CreateOrganizationTest" name="CreateOrganizationTest2" time="14.609"/>
  <testcase classname="com.camcast.crm.contacttest.CContactTest" name="cContactTest" time="15.762"/>
  <testcase classname="com.camcast.crm.contacttest.CContactTest" name="createContactWithSupportDateTest" time="16.703"/>
  <testcase classname="com.comcast.crm.basetest.BaseClass" name="@BeforeSuite configBS" time="0.0">
    <ignored/>
  </testcase> <!-- @BeforeSuite configBS -->
  <testcase classname="com.comcast.crm.basetest.BaseClass" name="@AfterSuite configAS" time="0.0">
    <ignored/>
  </testcase> <!-- @AfterSuite configAS -->
</testsuite> <!-- TestRunner-Edge -->
